Building DAG of jobs...
Using shell: /bin/bash
Provided cores: 1 (use --cores to define parallelism)
Rules claiming more threads will be scaled down.
Job stats:
job                 count    min threads    max threads
----------------  -------  -------------  -------------
simplify_network        1              1              1
total                   1              1              1

Select jobs to execute...

[Thu Dec 23 14:49:11 2021]
rule simplify_network:
    input: networks/elec.nc, data/base_grid/bus2sub.csv, data/base_grid/sub.csv
    output: networks/elec_s.nc
    log: logs/simplify_network
    jobid: 0
    benchmark: benchmarks/simplify_network
    resources: tmpdir=/tmp, mem=500

[Thu Dec 23 14:49:11 2021]
Error in rule simplify_network:
    jobid: 0
    output: networks/elec_s.nc
    log: logs/simplify_network (check log file(s) for error message)

Shutting down, this might take some time.
Exiting because a job execution failed. Look above for error message
Complete log: /home/ws/eb5194/Students/jinnan-su/git/US-model/.snakemake/log/2021-12-23T144911.231271.snakemake.log
